<?xml version="1.0" encoding="UTF-8"?>
<testng-results ignored="0" total="0" passed="0" failed="0" skipped="0">
  <reporter-output>
  </reporter-output>
  <suite started-at="2023-08-28T00:05:54 IST" name="Default suite" finished-at="2023-08-28T00:05:59 IST" duration-ms="5822">
    <groups>
    </groups>
    <test started-at="2023-08-28T00:05:54 IST" name="Default test" finished-at="2023-08-28T00:05:59 IST" duration-ms="5822">
      <class name="testCases.LoginTest">
        <test-method is-config="true" signature="setup()[pri:0, instance:testCases.LoginTest@6c64cb25]" started-at="2023-08-28T00:05:54 IST" name="setup" finished-at="2023-08-28T00:05:59 IST" duration-ms="5807" status="PASS">
          <reporter-output>
          </reporter-output>
        </test-method> <!-- setup -->
        <test-method is-config="true" signature="tearDown()[pri:0, instance:testCases.LoginTest@6c64cb25]" started-at="2023-08-28T00:05:59 IST" name="tearDown" finished-at="2023-08-28T00:05:59 IST" duration-ms="1" status="PASS">
          <reporter-output>
          </reporter-output>
        </test-method> <!-- tearDown -->
      </class> <!-- testCases.LoginTest -->
    </test> <!-- Default test -->
  </suite> <!-- Default suite -->
</testng-results>
